<?xml version="1.0" encoding="UTF-8"?>
<!-- Generated by org.testng.reporters.JUnitXMLReporter -->
<testsuite ignored="0" hostname="Mousumi" failures="0" tests="4" name="Cart Tests" time="7.318" errors="0" timestamp="2026-05-24T15:04:57 IST">
  <testcase classname="com.saucedemo.automation.tests.CartTest" name="verifyCartHeader" time="0.0">
    <skipped/>
  </testcase> <!-- verifyCartHeader -->
  <testcase classname="com.saucedemo.automation.tests.CartTest" name="verifyCartItemName" time="0.0">
    <skipped/>
  </testcase> <!-- verifyCartItemName -->
  <testcase classname="com.saucedemo.automation.tests.CartTest" name="verifyCartItemPrice" time="0.0">
    <skipped/>
  </testcase> <!-- verifyCartItemPrice -->
  <testcase classname="com.saucedemo.automation.tests.CartTest" name="verifyRemoveItem" time="0.0">
    <skipped/>
  </testcase> <!-- verifyRemoveItem -->
</testsuite> <!-- Cart Tests -->
