<?xml version="1.0" encoding="UTF-8"?>
<!-- Generated by org.testng.reporters.JUnitXMLReporter -->
<testsuite ignored="0" hostname="Mousumi" failures="0" tests="3" name="Default test" time="4.688" errors="0" timestamp="2026-05-16T15:08:41 IST">
  <testcase classname="com.saucedemo.automation.tests.ProductTest" name="verifyAddToCart" time="0.143"/>
  <testcase classname="com.saucedemo.automation.tests.ProductTest" name="verifyFirstProductName" time="0.029"/>
  <testcase classname="com.saucedemo.automation.tests.ProductTest" name="verifyProductCount" time="0.02"/>
</testsuite> <!-- Default test -->
