<?xml version="1.0" encoding="UTF-8"?>
<!-- Generated by org.testng.reporters.JUnitXMLReporter -->
<testsuite ignored="0" hostname="Mousumi" failures="0" tests="4" name="Default test" time="6.798" errors="0" timestamp="2026-05-24T13:29:34 IST">
  <testcase classname="com.saucedemo.automation.tests.CartTest" name="verifyCartHeader" time="0.067"/>
  <testcase classname="com.saucedemo.automation.tests.CartTest" name="verifyCartItemName" time="0.044"/>
  <testcase classname="com.saucedemo.automation.tests.CartTest" name="verifyCartItemPrice" time="0.06"/>
  <testcase classname="com.saucedemo.automation.tests.CartTest" name="verifyRemoveItem" time="0.128"/>
</testsuite> <!-- Default test -->
