<?xml version="1.0" encoding="UTF-8"?>
<!-- Generated by org.testng.reporters.JUnitXMLReporter -->
<testsuite ignored="6" hostname="Mousumi" failures="0" tests="3" name="Smoke Tests" time="18.539" errors="0" timestamp="2026-05-24T15:09:01 IST">
  <testcase classname="com.saucedemo.automation.tests.LoginTest" name="verifyLoginPageTitle" time="0.041"/>
  <testcase classname="com.saucedemo.automation.tests.ProductTest" name="verifyProductCount" time="0.027"/>
  <testcase classname="com.saucedemo.automation.tests.CartTest" name="verifyCartHeader" time="0.027"/>
  <testcase classname="com.saucedemo.automation.tests.LoginTest" name="verifySuccessfulLogin" time="0.0">
    <ignored/>
  </testcase> <!-- verifySuccessfulLogin -->
  <testcase classname="com.saucedemo.automation.tests.CartTest" name="verifyRemoveItem" time="0.0">
    <ignored/>
  </testcase> <!-- verifyRemoveItem -->
  <testcase classname="com.saucedemo.automation.tests.CartTest" name="verifyCartItemName" time="0.0">
    <ignored/>
  </testcase> <!-- verifyCartItemName -->
  <testcase classname="com.saucedemo.automation.tests.CartTest" name="verifyCartItemPrice" time="0.0">
    <ignored/>
  </testcase> <!-- verifyCartItemPrice -->
  <testcase classname="com.saucedemo.automation.tests.ProductTest" name="verifyAddToCart" time="0.0">
    <ignored/>
  </testcase> <!-- verifyAddToCart -->
  <testcase classname="com.saucedemo.automation.tests.ProductTest" name="verifyFirstProductName" time="0.0">
    <ignored/>
  </testcase> <!-- verifyFirstProductName -->
</testsuite> <!-- Smoke Tests -->
