<?xml version="1.0" encoding="UTF-8"?>
<!-- Generated by org.testng.reporters.JUnitXMLReporter -->
<testsuite ignored="0" hostname="Mousumi" failures="0" tests="9" name="Regression Tests" time="19.131" errors="0" timestamp="2026-05-24T14:46:14 IST">
  <testcase classname="com.saucedemo.automation.tests.LoginTest" name="verifyLoginPageTitle" time="0.038"/>
  <testcase classname="com.saucedemo.automation.tests.LoginTest" name="verifySuccessfulLogin" time="0.364"/>
  <testcase classname="com.saucedemo.automation.tests.ProductTest" name="verifyAddToCart" time="0.192"/>
  <testcase classname="com.saucedemo.automation.tests.ProductTest" name="verifyFirstProductName" time="0.068"/>
  <testcase classname="com.saucedemo.automation.tests.ProductTest" name="verifyProductCount" time="0.025"/>
  <testcase classname="com.saucedemo.automation.tests.CartTest" name="verifyCartHeader" time="0.036"/>
  <testcase classname="com.saucedemo.automation.tests.CartTest" name="verifyCartItemName" time="0.038"/>
  <testcase classname="com.saucedemo.automation.tests.CartTest" name="verifyCartItemPrice" time="0.077"/>
  <testcase classname="com.saucedemo.automation.tests.CartTest" name="verifyRemoveItem" time="0.108"/>
</testsuite> <!-- Regression Tests -->
