<?xml version="1.0" encoding="UTF-8"?>
<testng-results ignored="0" total="3" passed="3" failed="0" skipped="0">
  <reporter-output>
  </reporter-output>
  <suite started-at="2026-05-16T15:08:36 IST" name="Default suite" finished-at="2026-05-16T15:08:41 IST" duration-ms="4688">
    <groups>
    </groups>
    <test started-at="2026-05-16T15:08:36 IST" name="Default test" finished-at="2026-05-16T15:08:41 IST" duration-ms="4688">
      <class name="com.saucedemo.automation.tests.ProductTest">
        <test-method is-config="true" signature="setup()[pri:0, instance:com.saucedemo.automation.tests.ProductTest@7bd7d6d6]" started-at="2026-05-16T15:08:36 IST" name="setup" finished-at="2026-05-16T15:08:39 IST" duration-ms="3065" status="PASS">
          <reporter-output>
          </reporter-output>
        </test-method> <!-- setup -->
        <test-method is-config="true" signature="login()[pri:0, instance:com.saucedemo.automation.tests.ProductTest@7bd7d6d6]" started-at="2026-05-16T15:08:39 IST" name="login" finished-at="2026-05-16T15:08:40 IST" duration-ms="1109" status="PASS">
          <reporter-output>
          </reporter-output>
        </test-method> <!-- login -->
        <test-method is-config="true" signature="setupPage()[pri:0, instance:com.saucedemo.automation.tests.ProductTest@7bd7d6d6]" started-at="2026-05-16T15:08:40 IST" name="setupPage" finished-at="2026-05-16T15:08:40 IST" duration-ms="2" status="PASS">
          <reporter-output>
          </reporter-output>
        </test-method> <!-- setupPage -->
        <test-method signature="verifyAddToCart()[pri:0, instance:com.saucedemo.automation.tests.ProductTest@7bd7d6d6]" started-at="2026-05-16T15:08:40 IST" name="verifyAddToCart" finished-at="2026-05-16T15:08:41 IST" duration-ms="143" status="PASS">
          <reporter-output>
          </reporter-output>
        </test-method> <!-- verifyAddToCart -->
        <test-method is-config="true" signature="setupPage()[pri:0, instance:com.saucedemo.automation.tests.ProductTest@7bd7d6d6]" started-at="2026-05-16T15:08:41 IST" name="setupPage" finished-at="2026-05-16T15:08:41 IST" duration-ms="1" status="PASS">
          <reporter-output>
          </reporter-output>
        </test-method> <!-- setupPage -->
        <test-method signature="verifyFirstProductName()[pri:0, instance:com.saucedemo.automation.tests.ProductTest@7bd7d6d6]" started-at="2026-05-16T15:08:41 IST" name="verifyFirstProductName" finished-at="2026-05-16T15:08:41 IST" duration-ms="29" status="PASS">
          <reporter-output>
          </reporter-output>
        </test-method> <!-- verifyFirstProductName -->
        <test-method is-config="true" signature="setupPage()[pri:0, instance:com.saucedemo.automation.tests.ProductTest@7bd7d6d6]" started-at="2026-05-16T15:08:41 IST" name="setupPage" finished-at="2026-05-16T15:08:41 IST" duration-ms="1" status="PASS">
          <reporter-output>
          </reporter-output>
        </test-method> <!-- setupPage -->
        <test-method signature="verifyProductCount()[pri:0, instance:com.saucedemo.automation.tests.ProductTest@7bd7d6d6]" started-at="2026-05-16T15:08:41 IST" name="verifyProductCount" finished-at="2026-05-16T15:08:41 IST" duration-ms="20" status="PASS">
          <reporter-output>
          </reporter-output>
        </test-method> <!-- verifyProductCount -->
        <test-method is-config="true" signature="teardown()[pri:0, instance:com.saucedemo.automation.tests.ProductTest@7bd7d6d6]" started-at="2026-05-16T15:08:41 IST" name="teardown" finished-at="2026-05-16T15:08:41 IST" duration-ms="256" status="PASS">
          <reporter-output>
          </reporter-output>
        </test-method> <!-- teardown -->
      </class> <!-- com.saucedemo.automation.tests.ProductTest -->
    </test> <!-- Default test -->
  </suite> <!-- Default suite -->
</testng-results>
