<?xml version="1.0" encoding="UTF-8"?>
<testng-results ignored="6" total="9" passed="3" failed="0" skipped="0">
  <reporter-output>
  </reporter-output>
  <suite started-at="2026-05-24T15:08:43 IST" name="Smoke Suite" finished-at="2026-05-24T15:09:01 IST" duration-ms="18539">
    <groups>
      <group name="regression">
        <method signature="LoginTest.verifyLoginPageTitle()[pri:0, instance:com.saucedemo.automation.tests.LoginTest@253d9f73]" name="verifyLoginPageTitle" class="com.saucedemo.automation.tests.LoginTest"/>
        <method signature="ProductTest.verifyProductCount()[pri:0, instance:com.saucedemo.automation.tests.ProductTest@146587a2]" name="verifyProductCount" class="com.saucedemo.automation.tests.ProductTest"/>
        <method signature="CartTest.verifyCartHeader()[pri:1, instance:com.saucedemo.automation.tests.CartTest@5f0e9815]" name="verifyCartHeader" class="com.saucedemo.automation.tests.CartTest"/>
      </group> <!-- regression -->
      <group name="smoke">
        <method signature="LoginTest.verifyLoginPageTitle()[pri:0, instance:com.saucedemo.automation.tests.LoginTest@253d9f73]" name="verifyLoginPageTitle" class="com.saucedemo.automation.tests.LoginTest"/>
        <method signature="ProductTest.verifyProductCount()[pri:0, instance:com.saucedemo.automation.tests.ProductTest@146587a2]" name="verifyProductCount" class="com.saucedemo.automation.tests.ProductTest"/>
        <method signature="CartTest.verifyCartHeader()[pri:1, instance:com.saucedemo.automation.tests.CartTest@5f0e9815]" name="verifyCartHeader" class="com.saucedemo.automation.tests.CartTest"/>
      </group> <!-- smoke -->
    </groups>
    <test started-at="2026-05-24T15:08:43 IST" name="Smoke Tests" finished-at="2026-05-24T15:09:01 IST" duration-ms="18539">
      <class name="com.saucedemo.automation.tests.ProductTest">
        <test-method is-config="true" signature="setup()[pri:0, instance:com.saucedemo.automation.tests.ProductTest@146587a2]" started-at="2026-05-24T15:08:46 IST" name="setup" finished-at="2026-05-24T15:08:47 IST" duration-ms="986" status="PASS">
          <reporter-output>
          </reporter-output>
        </test-method> <!-- setup -->
        <test-method is-config="true" signature="login()[pri:0, instance:com.saucedemo.automation.tests.ProductTest@146587a2]" started-at="2026-05-24T15:08:47 IST" name="login" finished-at="2026-05-24T15:08:53 IST" duration-ms="6165" status="PASS">
          <reporter-output>
          </reporter-output>
        </test-method> <!-- login -->
        <test-method is-config="true" signature="setupPage()[pri:0, instance:com.saucedemo.automation.tests.ProductTest@146587a2]" started-at="2026-05-24T15:08:53 IST" name="setupPage" finished-at="2026-05-24T15:08:53 IST" duration-ms="1" status="PASS">
          <reporter-output>
          </reporter-output>
        </test-method> <!-- setupPage -->
        <test-method signature="verifyProductCount()[pri:0, instance:com.saucedemo.automation.tests.ProductTest@146587a2]" started-at="2026-05-24T15:08:53 IST" name="verifyProductCount" finished-at="2026-05-24T15:08:53 IST" duration-ms="27" status="PASS">
          <reporter-output>
          </reporter-output>
        </test-method> <!-- verifyProductCount -->
        <test-method is-config="true" signature="teardown()[pri:0, instance:com.saucedemo.automation.tests.ProductTest@146587a2]" started-at="2026-05-24T15:08:53 IST" name="teardown" finished-at="2026-05-24T15:08:53 IST" duration-ms="388" status="PASS">
          <reporter-output>
          </reporter-output>
        </test-method> <!-- teardown -->
      </class> <!-- com.saucedemo.automation.tests.ProductTest -->
      <class name="com.saucedemo.automation.tests.LoginTest">
        <test-method is-config="true" signature="setup()[pri:0, instance:com.saucedemo.automation.tests.LoginTest@253d9f73]" started-at="2026-05-24T15:08:43 IST" name="setup" finished-at="2026-05-24T15:08:45 IST" duration-ms="1973" status="PASS">
          <reporter-output>
          </reporter-output>
        </test-method> <!-- setup -->
        <test-method is-config="true" signature="navigateLoginPage()[pri:0, instance:com.saucedemo.automation.tests.LoginTest@253d9f73]" started-at="2026-05-24T15:08:45 IST" name="navigateLoginPage" finished-at="2026-05-24T15:08:45 IST" duration-ms="791" status="PASS">
          <reporter-output>
          </reporter-output>
        </test-method> <!-- navigateLoginPage -->
        <test-method signature="verifyLoginPageTitle()[pri:0, instance:com.saucedemo.automation.tests.LoginTest@253d9f73]" started-at="2026-05-24T15:08:45 IST" name="verifyLoginPageTitle" finished-at="2026-05-24T15:08:45 IST" duration-ms="41" status="PASS">
          <reporter-output>
          </reporter-output>
        </test-method> <!-- verifyLoginPageTitle -->
        <test-method is-config="true" signature="teardown()[pri:0, instance:com.saucedemo.automation.tests.LoginTest@253d9f73]" started-at="2026-05-24T15:08:45 IST" name="teardown" finished-at="2026-05-24T15:08:46 IST" duration-ms="383" status="PASS">
          <reporter-output>
          </reporter-output>
        </test-method> <!-- teardown -->
      </class> <!-- com.saucedemo.automation.tests.LoginTest -->
      <class name="com.saucedemo.automation.tests.CartTest">
        <test-method is-config="true" signature="setup()[pri:0, instance:com.saucedemo.automation.tests.CartTest@5f0e9815]" started-at="2026-05-24T15:08:53 IST" name="setup" finished-at="2026-05-24T15:08:54 IST" duration-ms="887" status="PASS">
          <reporter-output>
          </reporter-output>
        </test-method> <!-- setup -->
        <test-method is-config="true" signature="login()[pri:0, instance:com.saucedemo.automation.tests.CartTest@5f0e9815]" started-at="2026-05-24T15:08:54 IST" name="login" finished-at="2026-05-24T15:09:00 IST" duration-ms="6185" status="PASS">
          <reporter-output>
          </reporter-output>
        </test-method> <!-- login -->
        <test-method is-config="true" signature="setUpPage()[pri:0, instance:com.saucedemo.automation.tests.CartTest@5f0e9815]" started-at="2026-05-24T15:09:00 IST" name="setUpPage" finished-at="2026-05-24T15:09:01 IST" duration-ms="215" status="PASS">
          <reporter-output>
          </reporter-output>
        </test-method> <!-- setUpPage -->
        <test-method signature="verifyCartHeader()[pri:1, instance:com.saucedemo.automation.tests.CartTest@5f0e9815]" started-at="2026-05-24T15:09:01 IST" name="verifyCartHeader" finished-at="2026-05-24T15:09:01 IST" duration-ms="27" status="PASS">
          <reporter-output>
          </reporter-output>
        </test-method> <!-- verifyCartHeader -->
        <test-method is-config="true" signature="teardown()[pri:0, instance:com.saucedemo.automation.tests.CartTest@5f0e9815]" started-at="2026-05-24T15:09:01 IST" name="teardown" finished-at="2026-05-24T15:09:01 IST" duration-ms="371" status="PASS">
          <reporter-output>
          </reporter-output>
        </test-method> <!-- teardown -->
      </class> <!-- com.saucedemo.automation.tests.CartTest -->
    </test> <!-- Smoke Tests -->
  </suite> <!-- Smoke Suite -->
</testng-results>
