<?xml version="1.0" encoding="UTF-8"?>
<!-- Generated by org.testng.reporters.JUnitReportReporter -->
<testsuite hostname="Mousumi" failures="0" tests="2" name="com.saucedemo.automation.tests.LoginTest" time="1.451" errors="0" timestamp="2026-05-24T14:58:40 IST" skipped="0">
  <testcase classname="com.saucedemo.automation.tests.LoginTest" name="verifySuccessfulLogin" time="0.631"/>
  <testcase classname="com.saucedemo.automation.tests.LoginTest" name="verifyLoginPageTitle" time="0.820"/>
</testsuite> <!-- com.saucedemo.automation.tests.LoginTest -->
