<?xml version="1.0" encoding="UTF-8"?>
<!-- Generated by org.testng.reporters.JUnitReportReporter -->
<testsuite hostname="Mousumi" failures="0" tests="3" name="com.saucedemo.automation.tests.ProductTest" time="0.196" errors="0" timestamp="2026-05-16T15:08:41 IST" skipped="0">
  <testcase classname="com.saucedemo.automation.tests.ProductTest" name="verifyAddToCart" time="0.144"/>
  <testcase classname="com.saucedemo.automation.tests.ProductTest" name="verifyProductCount" time="0.021"/>
  <testcase classname="com.saucedemo.automation.tests.ProductTest" name="verifyFirstProductName" time="0.031"/>
</testsuite> <!-- com.saucedemo.automation.tests.ProductTest -->
