<?xml version="1.0" encoding="UTF-8"?>
<!-- Generated by org.testng.reporters.JUnitReportReporter -->
<testsuite hostname="Mousumi" failures="0" tests="3" name="com.saucedemo.automation.tests.ProductTest" time="0.325" errors="0" timestamp="2026-05-24T13:24:22 IST" skipped="0">
  <testcase classname="com.saucedemo.automation.tests.ProductTest" name="verifyFirstProductName" time="0.068"/>
  <testcase classname="com.saucedemo.automation.tests.ProductTest" name="verifyProductCount" time="0.025"/>
  <testcase classname="com.saucedemo.automation.tests.ProductTest" name="verifyAddToCart" time="0.232"/>
</testsuite> <!-- com.saucedemo.automation.tests.ProductTest -->
