<?xml version="1.0" encoding="UTF-8"?>
<!-- Generated by org.testng.reporters.JUnitReportReporter -->
<testsuite hostname="Mousumi" failures="0" tests="4" name="com.saucedemo.automation.tests.CartTest" time="0.299" errors="0" timestamp="2026-05-24T13:29:34 IST" skipped="0">
  <testcase classname="com.saucedemo.automation.tests.CartTest" name="verifyCartHeader" time="0.067"/>
  <testcase classname="com.saucedemo.automation.tests.CartTest" name="verifyCartItemName" time="0.044"/>
  <testcase classname="com.saucedemo.automation.tests.CartTest" name="verifyCartItemPrice" time="0.060"/>
  <testcase classname="com.saucedemo.automation.tests.CartTest" name="verifyRemoveItem" time="0.128"/>
</testsuite> <!-- com.saucedemo.automation.tests.CartTest -->
